<?xml version="1.0" encoding="UTF-8"?>
<!DOCTYPE coverage SYSTEM "https://raw.githubusercontent.com/cobertura/cobertura/master/cobertura/src/site/htdocs/xml/coverage-04.dtd">
<coverage line-rate="0.860627177700348" branch-rate="0" lines-covered="247" lines-valid="287" branches-covered="0" branches-valid="0" complexity="0" version="3.6.5" timestamp="2026-08-21 20:26:02.295021">
  <sources>
    <source>/Users/petzi/Documents/Meine-Repos/glossary2</source>
  </sources>
  <packages>
    <package name="glossary2" line-rate="0.860627177700348" branch-rate="0" complexity="0">
      <classes>
        <class name="add_to_quarto.R" filename="R/add_to_quarto.R" line-rate="0.9" branch-rate="0" complexity="0">
          <methods>
            <method name="add_to_quarto" signature="" line-rate="0.9" branch-rate="0" complexity="0">
              <lines>
                <line number="28" hits="3" branch="false"/>
                <line number="29" hits="1" branch="false"/>
                <line number="32" hits="2" branch="false"/>
                <line number="33" hits="2" branch="false"/>
                <line number="34" hits="2" branch="false"/>
                <line number="36" hits="2" branch="false"/>
                <line number="37" hits="0" branch="false"/>
                <line number="41" hits="2" branch="false"/>
                <line number="42" hits="1" branch="false"/>
                <line number="43" hits="1" branch="false"/>
                <line number="47" hits="2" branch="false"/>
                <line number="50" hits="2" branch="false"/>
                <line number="51" hits="2" branch="false"/>
                <line number="53" hits="2" branch="false"/>
                <line number="55" hits="0" branch="false"/>
                <line number="57" hits="0" branch="false"/>
                <line number="58" hits="0" branch="false"/>
                <line number="59" hits="0" branch="false"/>
                <line number="60" hits="2" branch="false"/>
                <line number="62" hits="2" branch="false"/>
                <line number="63" hits="2" branch="false"/>
                <line number="65" hits="2" branch="false"/>
                <line number="66" hits="2" branch="false"/>
                <line number="67" hits="2" branch="false"/>
                <line number="71" hits="2" branch="false"/>
                <line number="72" hits="2" branch="false"/>
                <line number="73" hits="2" branch="false"/>
                <line number="74" hits="2" branch="false"/>
                <line number="75" hits="2" branch="false"/>
                <line number="76" hits="2" branch="false"/>
                <line number="77" hits="2" branch="false"/>
                <line number="78" hits="2" branch="false"/>
                <line number="81" hits="2" branch="false"/>
                <line number="82" hits="2" branch="false"/>
                <line number="83" hits="1" branch="false"/>
                <line number="84" hits="1" branch="false"/>
                <line number="85" hits="1" branch="false"/>
                <line number="87" hits="2" branch="false"/>
                <line number="88" hits="1" branch="false"/>
                <line number="92" hits="2" branch="false"/>
                <line number="93" hits="2" branch="false"/>
                <line number="95" hits="2" branch="false"/>
                <line number="96" hits="1" branch="false"/>
                <line number="97" hits="1" branch="false"/>
                <line number="98" hits="1" branch="false"/>
                <line number="99" hits="1" branch="false"/>
                <line number="102" hits="2" branch="false"/>
                <line number="103" hits="1" branch="false"/>
                <line number="104" hits="1" branch="false"/>
                <line number="108" hits="2" branch="false"/>
              </lines>
            </method>
          </methods>
          <lines>
            <line number="28" hits="3" branch="false"/>
            <line number="29" hits="1" branch="false"/>
            <line number="32" hits="2" branch="false"/>
            <line number="33" hits="2" branch="false"/>
            <line number="34" hits="2" branch="false"/>
            <line number="36" hits="2" branch="false"/>
            <line number="37" hits="0" branch="false"/>
            <line number="41" hits="2" branch="false"/>
            <line number="42" hits="1" branch="false"/>
            <line number="43" hits="1" branch="false"/>
            <line number="47" hits="2" branch="false"/>
            <line number="50" hits="2" branch="false"/>
            <line number="51" hits="2" branch="false"/>
            <line number="53" hits="2" branch="false"/>
            <line number="55" hits="0" branch="false"/>
            <line number="57" hits="0" branch="false"/>
            <line number="58" hits="0" branch="false"/>
            <line number="59" hits="0" branch="false"/>
            <line number="60" hits="2" branch="false"/>
            <line number="62" hits="2" branch="false"/>
            <line number="63" hits="2" branch="false"/>
            <line number="65" hits="2" branch="false"/>
            <line number="66" hits="2" branch="false"/>
            <line number="67" hits="2" branch="false"/>
            <line number="71" hits="2" branch="false"/>
            <line number="72" hits="2" branch="false"/>
            <line number="73" hits="2" branch="false"/>
            <line number="74" hits="2" branch="false"/>
            <line number="75" hits="2" branch="false"/>
            <line number="76" hits="2" branch="false"/>
            <line number="77" hits="2" branch="false"/>
            <line number="78" hits="2" branch="false"/>
            <line number="81" hits="2" branch="false"/>
            <line number="82" hits="2" branch="false"/>
            <line number="83" hits="1" branch="false"/>
            <line number="84" hits="1" branch="false"/>
            <line number="85" hits="1" branch="false"/>
            <line number="87" hits="2" branch="false"/>
            <line number="88" hits="1" branch="false"/>
            <line number="92" hits="2" branch="false"/>
            <line number="93" hits="2" branch="false"/>
            <line number="95" hits="2" branch="false"/>
            <line number="96" hits="1" branch="false"/>
            <line number="97" hits="1" branch="false"/>
            <line number="98" hits="1" branch="false"/>
            <line number="99" hits="1" branch="false"/>
            <line number="102" hits="2" branch="false"/>
            <line number="103" hits="1" branch="false"/>
            <line number="104" hits="1" branch="false"/>
            <line number="108" hits="2" branch="false"/>
          </lines>
        </class>
        <class name="glossary_add.R" filename="R/glossary_add.R" line-rate="1" branch-rate="0" complexity="0">
          <methods>
            <method name="glossary_add" signature="" line-rate="1" branch-rate="0" complexity="0">
              <lines>
                <line number="27" hits="6" branch="false"/>
                <line number="28" hits="1" branch="false"/>
                <line number="29" hits="5" branch="false"/>
                <line number="30" hits="1" branch="false"/>
                <line number="32" hits="4" branch="false"/>
                <line number="33" hits="4" branch="false"/>
                <line number="36" hits="4" branch="false"/>
                <line number="37" hits="1" branch="false"/>
                <line number="38" hits="1" branch="false"/>
                <line number="39" hits="1" branch="false"/>
                <line number="40" hits="1" branch="false"/>
                <line number="41" hits="1" branch="false"/>
                <line number="45" hits="3" branch="false"/>
                <line number="46" hits="3" branch="false"/>
                <line number="48" hits="3" branch="false"/>
              </lines>
            </method>
            <method name="write_yaml" signature="" line-rate="1" branch-rate="0" complexity="0">
              <lines>
                <line number="53" hits="4" branch="false"/>
                <line number="54" hits="4" branch="false"/>
                <line number="55" hits="4" branch="false"/>
                <line number="56" hits="4" branch="false"/>
              </lines>
            </method>
          </methods>
          <lines>
            <line number="27" hits="6" branch="false"/>
            <line number="28" hits="1" branch="false"/>
            <line number="29" hits="5" branch="false"/>
            <line number="30" hits="1" branch="false"/>
            <line number="32" hits="4" branch="false"/>
            <line number="33" hits="4" branch="false"/>
            <line number="36" hits="4" branch="false"/>
            <line number="37" hits="1" branch="false"/>
            <line number="38" hits="1" branch="false"/>
            <line number="39" hits="1" branch="false"/>
            <line number="40" hits="1" branch="false"/>
            <line number="41" hits="1" branch="false"/>
            <line number="45" hits="3" branch="false"/>
            <line number="46" hits="3" branch="false"/>
            <line number="48" hits="3" branch="false"/>
            <line number="53" hits="4" branch="false"/>
            <line number="54" hits="4" branch="false"/>
            <line number="55" hits="4" branch="false"/>
            <line number="56" hits="4" branch="false"/>
          </lines>
        </class>
        <class name="glossary_load_all.R" filename="R/glossary_load_all.R" line-rate="1" branch-rate="0" complexity="0">
          <methods>
            <method name="glossary_load_all" signature="" line-rate="1" branch-rate="0" complexity="0">
              <lines>
                <line number="16" hits="5" branch="false"/>
                <line number="17" hits="1" branch="false"/>
                <line number="18" hits="4" branch="false"/>
                <line number="20" hits="1" branch="false"/>
                <line number="23" hits="3" branch="false"/>
                <line number="24" hits="3" branch="false"/>
                <line number="26" hits="3" branch="false"/>
              </lines>
            </method>
          </methods>
          <lines>
            <line number="16" hits="5" branch="false"/>
            <line number="17" hits="1" branch="false"/>
            <line number="18" hits="4" branch="false"/>
            <line number="20" hits="1" branch="false"/>
            <line number="23" hits="3" branch="false"/>
            <line number="24" hits="3" branch="false"/>
            <line number="26" hits="3" branch="false"/>
          </lines>
        </class>
        <class name="glossary_options.R" filename="R/glossary_options.R" line-rate="0.918367346938776" branch-rate="0" complexity="0">
          <methods>
            <method name="glossary_options" signature="" line-rate="0.842105263157895" branch-rate="0" complexity="0">
              <lines>
                <line number="14" hits="238" branch="false"/>
                <line number="15" hits="238" branch="false"/>
                <line number="17" hits="1" branch="false"/>
                <line number="18" hits="1" branch="false"/>
                <line number="19" hits="1" branch="false"/>
                <line number="20" hits="1" branch="false"/>
                <line number="21" hits="237" branch="false"/>
                <line number="23" hits="76" branch="false"/>
                <line number="24" hits="76" branch="false"/>
                <line number="25" hits="76" branch="false"/>
                <line number="26" hits="161" branch="false"/>
                <line number="28" hits="161" branch="false"/>
                <line number="29" hits="161" branch="false"/>
                <line number="30" hits="161" branch="false"/>
                <line number="31" hits="161" branch="false"/>
                <line number="33" hits="0" branch="false"/>
                <line number="35" hits="161" branch="false"/>
                <line number="37" hits="0" branch="false"/>
                <line number="38" hits="0" branch="false"/>
              </lines>
            </method>
            <method name="glossary_reset" signature="" line-rate="1" branch-rate="0" complexity="0">
              <lines>
                <line number="52" hits="13" branch="false"/>
              </lines>
            </method>
            <method name="glossary_path" signature="" line-rate="1" branch-rate="0" complexity="0">
              <lines>
                <line number="75" hits="57" branch="false"/>
                <line number="76" hits="41" branch="false"/>
                <line number="80" hits="16" branch="false"/>
                <line number="81" hits="16" branch="false"/>
                <line number="82" hits="16" branch="false"/>
                <line number="83" hits="16" branch="false"/>
                <line number="86" hits="3" branch="false"/>
                <line number="87" hits="3" branch="false"/>
                <line number="88" hits="1" branch="false"/>
                <line number="91" hits="3" branch="false"/>
                <line number="92" hits="3" branch="false"/>
                <line number="95" hits="16" branch="false"/>
                <line number="96" hits="16" branch="false"/>
                <line number="97" hits="16" branch="false"/>
                <line number="98" hits="2" branch="false"/>
                <line number="102" hits="14" branch="false"/>
              </lines>
            </method>
            <method name="glossary_popup" signature="" line-rate="1" branch-rate="0" complexity="0">
              <lines>
                <line number="124" hits="46" branch="false"/>
                <line number="125" hits="34" branch="false"/>
                <line number="129" hits="12" branch="false"/>
                <line number="130" hits="11" branch="false"/>
              </lines>
            </method>
            <method name="glossary_persistent" signature="" line-rate="0.888888888888889" branch-rate="0" complexity="0">
              <lines>
                <line number="152" hits="38" branch="false"/>
                <line number="153" hits="34" branch="false"/>
                <line number="156" hits="1" branch="false"/>
                <line number="158" hits="4" branch="false"/>
                <line number="160" hits="2" branch="false"/>
                <line number="164" hits="4" branch="false"/>
                <line number="167" hits="4" branch="false"/>
                <line number="168" hits="0" branch="false"/>
                <line number="171" hits="4" branch="false"/>
              </lines>
            </method>
          </methods>
          <lines>
            <line number="14" hits="238" branch="false"/>
            <line number="15" hits="238" branch="false"/>
            <line number="17" hits="1" branch="false"/>
            <line number="18" hits="1" branch="false"/>
            <line number="19" hits="1" branch="false"/>
            <line number="20" hits="1" branch="false"/>
            <line number="21" hits="237" branch="false"/>
            <line number="23" hits="76" branch="false"/>
            <line number="24" hits="76" branch="false"/>
            <line number="25" hits="76" branch="false"/>
            <line number="26" hits="161" branch="false"/>
            <line number="28" hits="161" branch="false"/>
            <line number="29" hits="161" branch="false"/>
            <line number="30" hits="161" branch="false"/>
            <line number="31" hits="161" branch="false"/>
            <line number="33" hits="0" branch="false"/>
            <line number="35" hits="161" branch="false"/>
            <line number="37" hits="0" branch="false"/>
            <line number="38" hits="0" branch="false"/>
            <line number="52" hits="13" branch="false"/>
            <line number="75" hits="57" branch="false"/>
            <line number="76" hits="41" branch="false"/>
            <line number="80" hits="16" branch="false"/>
            <line number="81" hits="16" branch="false"/>
            <line number="82" hits="16" branch="false"/>
            <line number="83" hits="16" branch="false"/>
            <line number="86" hits="3" branch="false"/>
            <line number="87" hits="3" branch="false"/>
            <line number="88" hits="1" branch="false"/>
            <line number="91" hits="3" branch="false"/>
            <line number="92" hits="3" branch="false"/>
            <line number="95" hits="16" branch="false"/>
            <line number="96" hits="16" branch="false"/>
            <line number="97" hits="16" branch="false"/>
            <line number="98" hits="2" branch="false"/>
            <line number="102" hits="14" branch="false"/>
            <line number="124" hits="46" branch="false"/>
            <line number="125" hits="34" branch="false"/>
            <line number="129" hits="12" branch="false"/>
            <line number="130" hits="11" branch="false"/>
            <line number="152" hits="38" branch="false"/>
            <line number="153" hits="34" branch="false"/>
            <line number="156" hits="1" branch="false"/>
            <line number="158" hits="4" branch="false"/>
            <line number="160" hits="2" branch="false"/>
            <line number="164" hits="4" branch="false"/>
            <line number="167" hits="4" branch="false"/>
            <line number="168" hits="0" branch="false"/>
            <line number="171" hits="4" branch="false"/>
          </lines>
        </class>
        <class name="glossary_style.R" filename="R/glossary_style.R" line-rate="1" branch-rate="0" complexity="0">
          <methods>
            <method name="glossary_style" signature="" line-rate="1" branch-rate="0" complexity="0">
              <lines>
                <line number="21" hits="5" branch="false"/>
                <line number="22" hits="5" branch="false"/>
                <line number="23" hits="5" branch="false"/>
                <line number="24" hits="5" branch="false"/>
                <line number="25" hits="5" branch="false"/>
                <line number="26" hits="5" branch="false"/>
                <line number="27" hits="5" branch="false"/>
                <line number="29" hits="5" branch="false"/>
                <line number="30" hits="5" branch="false"/>
                <line number="31" hits="5" branch="false"/>
                <line number="32" hits="5" branch="false"/>
                <line number="33" hits="5" branch="false"/>
                <line number="34" hits="5" branch="false"/>
                <line number="35" hits="5" branch="false"/>
                <line number="36" hits="5" branch="false"/>
                <line number="37" hits="5" branch="false"/>
                <line number="38" hits="5" branch="false"/>
                <line number="39" hits="5" branch="false"/>
                <line number="40" hits="5" branch="false"/>
                <line number="41" hits="5" branch="false"/>
                <line number="42" hits="5" branch="false"/>
                <line number="43" hits="5" branch="false"/>
                <line number="44" hits="5" branch="false"/>
                <line number="45" hits="5" branch="false"/>
                <line number="46" hits="5" branch="false"/>
                <line number="47" hits="5" branch="false"/>
                <line number="48" hits="5" branch="false"/>
                <line number="49" hits="5" branch="false"/>
                <line number="50" hits="5" branch="false"/>
                <line number="51" hits="5" branch="false"/>
                <line number="52" hits="5" branch="false"/>
                <line number="53" hits="5" branch="false"/>
                <line number="54" hits="5" branch="false"/>
                <line number="55" hits="5" branch="false"/>
                <line number="56" hits="5" branch="false"/>
                <line number="57" hits="5" branch="false"/>
                <line number="58" hits="5" branch="false"/>
                <line number="59" hits="5" branch="false"/>
                <line number="61" hits="5" branch="false"/>
                <line number="62" hits="2" branch="false"/>
                <line number="63" hits="2" branch="false"/>
                <line number="64" hits="2" branch="false"/>
                <line number="67" hits="3" branch="false"/>
              </lines>
            </method>
          </methods>
          <lines>
            <line number="21" hits="5" branch="false"/>
            <line number="22" hits="5" branch="false"/>
            <line number="23" hits="5" branch="false"/>
            <line number="24" hits="5" branch="false"/>
            <line number="25" hits="5" branch="false"/>
            <line number="26" hits="5" branch="false"/>
            <line number="27" hits="5" branch="false"/>
            <line number="29" hits="5" branch="false"/>
            <line number="30" hits="5" branch="false"/>
            <line number="31" hits="5" branch="false"/>
            <line number="32" hits="5" branch="false"/>
            <line number="33" hits="5" branch="false"/>
            <line number="34" hits="5" branch="false"/>
            <line number="35" hits="5" branch="false"/>
            <line number="36" hits="5" branch="false"/>
            <line number="37" hits="5" branch="false"/>
            <line number="38" hits="5" branch="false"/>
            <line number="39" hits="5" branch="false"/>
            <line number="40" hits="5" branch="false"/>
            <line number="41" hits="5" branch="false"/>
            <line number="42" hits="5" branch="false"/>
            <line number="43" hits="5" branch="false"/>
            <line number="44" hits="5" branch="false"/>
            <line number="45" hits="5" branch="false"/>
            <line number="46" hits="5" branch="false"/>
            <line number="47" hits="5" branch="false"/>
            <line number="48" hits="5" branch="false"/>
            <line number="49" hits="5" branch="false"/>
            <line number="50" hits="5" branch="false"/>
            <line number="51" hits="5" branch="false"/>
            <line number="52" hits="5" branch="false"/>
            <line number="53" hits="5" branch="false"/>
            <line number="54" hits="5" branch="false"/>
            <line number="55" hits="5" branch="false"/>
            <line number="56" hits="5" branch="false"/>
            <line number="57" hits="5" branch="false"/>
            <line number="58" hits="5" branch="false"/>
            <line number="59" hits="5" branch="false"/>
            <line number="61" hits="5" branch="false"/>
            <line number="62" hits="2" branch="false"/>
            <line number="63" hits="2" branch="false"/>
            <line number="64" hits="2" branch="false"/>
            <line number="67" hits="3" branch="false"/>
          </lines>
        </class>
        <class name="glossary_table.R" filename="R/glossary_table.R" line-rate="0.941176470588235" branch-rate="0" complexity="0">
          <methods>
            <method name="glossary_table" signature="" line-rate="0.941176470588235" branch-rate="0" complexity="0">
              <lines>
                <line number="20" hits="2" branch="false"/>
                <line number="21" hits="0" branch="false"/>
                <line number="23" hits="2" branch="false"/>
                <line number="24" hits="2" branch="false"/>
                <line number="27" hits="2" branch="false"/>
                <line number="28" hits="2" branch="false"/>
                <line number="29" hits="2" branch="false"/>
                <line number="30" hits="2" branch="false"/>
                <line number="31" hits="2" branch="false"/>
                <line number="32" hits="2" branch="false"/>
                <line number="34" hits="2" branch="false"/>
                <line number="35" hits="2" branch="false"/>
                <line number="36" hits="2" branch="false"/>
                <line number="37" hits="2" branch="false"/>
                <line number="38" hits="2" branch="false"/>
                <line number="41" hits="2" branch="false"/>
                <line number="42" hits="0" branch="false"/>
                <line number="43" hits="2" branch="false"/>
                <line number="44" hits="1" branch="false"/>
                <line number="45" hits="1" branch="false"/>
                <line number="46" hits="1" branch="false"/>
                <line number="47" hits="1" branch="false"/>
                <line number="48" hits="1" branch="false"/>
                <line number="50" hits="1" branch="false"/>
                <line number="51" hits="1" branch="false"/>
                <line number="52" hits="1" branch="false"/>
                <line number="53" hits="1" branch="false"/>
                <line number="54" hits="1" branch="false"/>
                <line number="55" hits="1" branch="false"/>
                <line number="57" hits="1" branch="false"/>
                <line number="58" hits="1" branch="false"/>
                <line number="59" hits="1" branch="false"/>
                <line number="60" hits="1" branch="false"/>
                <line number="62" hits="1" branch="false"/>
              </lines>
            </method>
          </methods>
          <lines>
            <line number="20" hits="2" branch="false"/>
            <line number="21" hits="0" branch="false"/>
            <line number="23" hits="2" branch="false"/>
            <line number="24" hits="2" branch="false"/>
            <line number="27" hits="2" branch="false"/>
            <line number="28" hits="2" branch="false"/>
            <line number="29" hits="2" branch="false"/>
            <line number="30" hits="2" branch="false"/>
            <line number="31" hits="2" branch="false"/>
            <line number="32" hits="2" branch="false"/>
            <line number="34" hits="2" branch="false"/>
            <line number="35" hits="2" branch="false"/>
            <line number="36" hits="2" branch="false"/>
            <line number="37" hits="2" branch="false"/>
            <line number="38" hits="2" branch="false"/>
            <line number="41" hits="2" branch="false"/>
            <line number="42" hits="0" branch="false"/>
            <line number="43" hits="2" branch="false"/>
            <line number="44" hits="1" branch="false"/>
            <line number="45" hits="1" branch="false"/>
            <line number="46" hits="1" branch="false"/>
            <line number="47" hits="1" branch="false"/>
            <line number="48" hits="1" branch="false"/>
            <line number="50" hits="1" branch="false"/>
            <line number="51" hits="1" branch="false"/>
            <line number="52" hits="1" branch="false"/>
            <line number="53" hits="1" branch="false"/>
            <line number="54" hits="1" branch="false"/>
            <line number="55" hits="1" branch="false"/>
            <line number="57" hits="1" branch="false"/>
            <line number="58" hits="1" branch="false"/>
            <line number="59" hits="1" branch="false"/>
            <line number="60" hits="1" branch="false"/>
            <line number="62" hits="1" branch="false"/>
          </lines>
        </class>
        <class name="glossary.R" filename="R/glossary.R" line-rate="0.73972602739726" branch-rate="0" complexity="0">
          <methods>
            <method name="glossary" signature="" line-rate="0.712121212121212" branch-rate="0" complexity="0">
              <lines>
                <line number="40" hits="1" branch="false"/>
                <line number="41" hits="30" branch="false"/>
                <line number="42" hits="30" branch="false"/>
                <line number="43" hits="30" branch="false"/>
                <line number="44" hits="30" branch="false"/>
                <line number="47" hits="30" branch="false"/>
                <line number="48" hits="13" branch="false"/>
                <line number="49" hits="0" branch="false"/>
                <line number="50" hits="0" branch="false"/>
                <line number="51" hits="0" branch="false"/>
                <line number="52" hits="0" branch="false"/>
                <line number="54" hits="0" branch="false"/>
                <line number="55" hits="0" branch="false"/>
                <line number="56" hits="0" branch="false"/>
                <line number="57" hits="0" branch="false"/>
                <line number="58" hits="0" branch="false"/>
                <line number="59" hits="0" branch="false"/>
                <line number="60" hits="0" branch="false"/>
                <line number="61" hits="0" branch="false"/>
                <line number="62" hits="0" branch="false"/>
                <line number="63" hits="0" branch="false"/>
                <line number="64" hits="0" branch="false"/>
                <line number="65" hits="0" branch="false"/>
                <line number="66" hits="0" branch="false"/>
                <line number="67" hits="0" branch="false"/>
                <line number="68" hits="0" branch="false"/>
                <line number="70" hits="13" branch="false"/>
                <line number="72" hits="1" branch="false"/>
                <line number="75" hits="12" branch="false"/>
                <line number="76" hits="12" branch="false"/>
                <line number="77" hits="12" branch="false"/>
                <line number="78" hits="12" branch="false"/>
                <line number="79" hits="12" branch="false"/>
                <line number="80" hits="9" branch="false"/>
                <line number="81" hits="12" branch="false"/>
                <line number="82" hits="12" branch="false"/>
                <line number="83" hits="12" branch="false"/>
                <line number="84" hits="3" branch="false"/>
                <line number="85" hits="12" branch="false"/>
                <line number="90" hits="2" branch="false"/>
                <line number="91" hits="29" branch="false"/>
                <line number="92" hits="5" branch="false"/>
                <line number="93" hits="5" branch="false"/>
                <line number="97" hits="29" branch="false"/>
                <line number="98" hits="27" branch="false"/>
                <line number="99" hits="27" branch="false"/>
                <line number="100" hits="27" branch="false"/>
                <line number="104" hits="29" branch="false"/>
                <line number="105" hits="2" branch="false"/>
                <line number="106" hits="27" branch="false"/>
                <line number="107" hits="3" branch="false"/>
                <line number="110" hits="24" branch="false"/>
                <line number="111" hits="24" branch="false"/>
                <line number="112" hits="24" branch="false"/>
                <line number="113" hits="24" branch="false"/>
                <line number="114" hits="24" branch="false"/>
                <line number="115" hits="24" branch="false"/>
                <line number="116" hits="24" branch="false"/>
                <line number="117" hits="24" branch="false"/>
                <line number="119" hits="24" branch="false"/>
                <line number="120" hits="16" branch="false"/>
                <line number="121" hits="16" branch="false"/>
                <line number="122" hits="8" branch="false"/>
                <line number="123" hits="8" branch="false"/>
                <line number="124" hits="8" branch="false"/>
                <line number="128" hits="29" branch="false"/>
              </lines>
            </method>
            <method name="glossary_add_to_table" signature="" line-rate="1" branch-rate="0" complexity="0">
              <lines>
                <line number="138" hits="30" branch="false"/>
                <line number="139" hits="30" branch="false"/>
                <line number="140" hits="48" branch="false"/>
                <line number="142" hits="30" branch="false"/>
                <line number="144" hits="30" branch="false"/>
                <line number="146" hits="30" branch="false"/>
                <line number="147" hits="1" branch="false"/>
              </lines>
            </method>
          </methods>
          <lines>
            <line number="40" hits="1" branch="false"/>
            <line number="41" hits="30" branch="false"/>
            <line number="42" hits="30" branch="false"/>
            <line number="43" hits="30" branch="false"/>
            <line number="44" hits="30" branch="false"/>
            <line number="47" hits="30" branch="false"/>
            <line number="48" hits="13" branch="false"/>
            <line number="49" hits="0" branch="false"/>
            <line number="50" hits="0" branch="false"/>
            <line number="51" hits="0" branch="false"/>
            <line number="52" hits="0" branch="false"/>
            <line number="54" hits="0" branch="false"/>
            <line number="55" hits="0" branch="false"/>
            <line number="56" hits="0" branch="false"/>
            <line number="57" hits="0" branch="false"/>
            <line number="58" hits="0" branch="false"/>
            <line number="59" hits="0" branch="false"/>
            <line number="60" hits="0" branch="false"/>
            <line number="61" hits="0" branch="false"/>
            <line number="62" hits="0" branch="false"/>
            <line number="63" hits="0" branch="false"/>
            <line number="64" hits="0" branch="false"/>
            <line number="65" hits="0" branch="false"/>
            <line number="66" hits="0" branch="false"/>
            <line number="67" hits="0" branch="false"/>
            <line number="68" hits="0" branch="false"/>
            <line number="70" hits="13" branch="false"/>
            <line number="72" hits="1" branch="false"/>
            <line number="75" hits="12" branch="false"/>
            <line number="76" hits="12" branch="false"/>
            <line number="77" hits="12" branch="false"/>
            <line number="78" hits="12" branch="false"/>
            <line number="79" hits="12" branch="false"/>
            <line number="80" hits="9" branch="false"/>
            <line number="81" hits="12" branch="false"/>
            <line number="82" hits="12" branch="false"/>
            <line number="83" hits="12" branch="false"/>
            <line number="84" hits="3" branch="false"/>
            <line number="85" hits="12" branch="false"/>
            <line number="90" hits="2" branch="false"/>
            <line number="91" hits="29" branch="false"/>
            <line number="92" hits="5" branch="false"/>
            <line number="93" hits="5" branch="false"/>
            <line number="97" hits="29" branch="false"/>
            <line number="98" hits="27" branch="false"/>
            <line number="99" hits="27" branch="false"/>
            <line number="100" hits="27" branch="false"/>
            <line number="104" hits="29" branch="false"/>
            <line number="105" hits="2" branch="false"/>
            <line number="106" hits="27" branch="false"/>
            <line number="107" hits="3" branch="false"/>
            <line number="110" hits="24" branch="false"/>
            <line number="111" hits="24" branch="false"/>
            <line number="112" hits="24" branch="false"/>
            <line number="113" hits="24" branch="false"/>
            <line number="114" hits="24" branch="false"/>
            <line number="115" hits="24" branch="false"/>
            <line number="116" hits="24" branch="false"/>
            <line number="117" hits="24" branch="false"/>
            <line number="119" hits="24" branch="false"/>
            <line number="120" hits="16" branch="false"/>
            <line number="121" hits="16" branch="false"/>
            <line number="122" hits="8" branch="false"/>
            <line number="123" hits="8" branch="false"/>
            <line number="124" hits="8" branch="false"/>
            <line number="128" hits="29" branch="false"/>
            <line number="138" hits="30" branch="false"/>
            <line number="139" hits="30" branch="false"/>
            <line number="140" hits="48" branch="false"/>
            <line number="142" hits="30" branch="false"/>
            <line number="144" hits="30" branch="false"/>
            <line number="146" hits="30" branch="false"/>
            <line number="147" hits="1" branch="false"/>
          </lines>
        </class>
        <class name="zzz.R" filename="R/zzz.R" line-rate="0.166666666666667" branch-rate="0" complexity="0">
          <methods>
            <method name=".onLoad" signature="" line-rate="0" branch-rate="0" complexity="0">
              <lines>
                <line number="3" hits="0" branch="false"/>
                <line number="4" hits="0" branch="false"/>
                <line number="5" hits="0" branch="false"/>
                <line number="6" hits="0" branch="false"/>
                <line number="7" hits="0" branch="false"/>
                <line number="8" hits="0" branch="false"/>
                <line number="9" hits="0" branch="false"/>
                <line number="10" hits="0" branch="false"/>
                <line number="11" hits="0" branch="false"/>
                <line number="13" hits="0" branch="false"/>
              </lines>
            </method>
            <method name="is_latex" signature="" line-rate="1" branch-rate="0" complexity="0">
              <lines>
                <line number="18" hits="2" branch="false"/>
                <line number="19" hits="2" branch="false"/>
              </lines>
            </method>
          </methods>
          <lines>
            <line number="3" hits="0" branch="false"/>
            <line number="4" hits="0" branch="false"/>
            <line number="5" hits="0" branch="false"/>
            <line number="6" hits="0" branch="false"/>
            <line number="7" hits="0" branch="false"/>
            <line number="8" hits="0" branch="false"/>
            <line number="9" hits="0" branch="false"/>
            <line number="10" hits="0" branch="false"/>
            <line number="11" hits="0" branch="false"/>
            <line number="13" hits="0" branch="false"/>
            <line number="18" hits="2" branch="false"/>
            <line number="19" hits="2" branch="false"/>
          </lines>
        </class>
      </classes>
    </package>
  </packages>
</coverage>
